Build started 26-04-2017 21:00:46.
     1>Project "G:\Courses\Semester_4\ComputerGraphics_cs606\Assignments\assignment_one\assignment_one.vcxproj" on node 2 (build target(s)).
     1>InitializeBuildStatus:
         Creating "Debug\assignment_one.unsuccessfulbuild" because "AlwaysCreate" was specified.
       ClCompile:
         C:\Program Files (x86)\Microsoft Visual Studio 10.0\VC\bin\CL.exe /c /IG:\Courses\Semester_4\ComputerGraphics_cs606\Assignments\assignment_one /I"G:\Courses\Semester_4\ComputerGraphics_cs606\Assignments\external\glm-0.9.7.1" /I"G:\Courses\Semester_4\ComputerGraphics_cs606\Assignments\external\glfw-3.1.2\include\GLFW" /I"G:\Courses\Semester_4\ComputerGraphics_cs606\Assignments\external\glew-1.13.0\include" /ZI /nologo /W3 /WX- /Od /Oy- /D GLEW_STATIC /D WIN32 /D _DEBUG /D _CONSOLE /D _UNICODE /D UNICODE /Gm /EHsc /RTC1 /MDd /GS /fp:precise /Zc:wchar_t /Zc:forScope /Fo"Debug\\" /Fd"Debug\vc100.pdb" /Gd /TP /analyze- /errorReport:prompt source\main.cpp
         main.cpp
     1>g:\courses\semester_4\computergraphics_cs606\assignments\assignment_one\source\main.cpp(155): warning C4244: '=' : conversion from 'double' to 'float', possible loss of data
       ManifestResourceCompile:
         All outputs are up-to-date.
       Link:
         C:\Program Files (x86)\Microsoft Visual Studio 10.0\VC\bin\link.exe /ERRORREPORT:PROMPT /OUT:"G:\Courses\Semester_4\ComputerGraphics_cs606\Assignments\Debug\assignment_one.exe" /INCREMENTAL /NOLOGO /LIBPATH:..\libs glew32s.lib glfw3.lib opengl32.lib kernel32.lib user32.lib gdi32.lib winspool.lib comdlg32.lib advapi32.lib shell32.lib ole32.lib oleaut32.lib uuid.lib odbc32.lib odbccp32.lib /MANIFEST /ManifestFile:"Debug\assignment_one.exe.intermediate.manifest" /MANIFESTUAC:"level='asInvoker' uiAccess='false'" /DEBUG /PDB:"G:\Courses\Semester_4\ComputerGraphics_cs606\Assignments\Debug\assignment_one.pdb" /SUBSYSTEM:CONSOLE /TLBID:1 /DYNAMICBASE /NXCOMPAT /IMPLIB:"G:\Courses\Semester_4\ComputerGraphics_cs606\Assignments\Debug\assignment_one.lib" /MACHINE:X86 Debug\assignment_one.exe.embed.manifest.res
         Debug\controls.obj
         Debug\shader.obj
         Debug\main.obj
       Manifest:
         C:\Program Files (x86)\Microsoft SDKs\Windows\v7.0A\bin\mt.exe /nologo /verbose /out:"Debug\assignment_one.exe.embed.manifest" /manifest Debug\assignment_one.exe.intermediate.manifest
         All outputs are up-to-date.
       LinkEmbedManifest:
         All outputs are up-to-date.
         assignment_one.vcxproj -> G:\Courses\Semester_4\ComputerGraphics_cs606\Assignments\Debug\assignment_one.exe
       FinalizeBuildStatus:
         Deleting file "Debug\assignment_one.unsuccessfulbuild".
         Touching "Debug\assignment_one.lastbuildstate".
     1>Done Building Project "G:\Courses\Semester_4\ComputerGraphics_cs606\Assignments\assignment_one\assignment_one.vcxproj" (build target(s)).

Build succeeded.

Time Elapsed 00:00:02.23
